2017-10-06 11:50:36 Error: [PDOException] SQLSTATE[23000]: Integrity constraint violation: 1062 Duplicate entry '0' for key 'PRIMARY'
Request URL: /alumno/add
Referer URL: http://localhost/CAKESETUP/alumno/add
Stack Trace:
#0 C:\xampp\htdocs\CAKESETUP\vendor\cakephp\cakephp\src\Database\Statement\MysqlStatement.php(39): PDOStatement->execute(NULL)
#1 C:\xampp\htdocs\CAKESETUP\vendor\cakephp\cakephp\src\Database\Statement\StatementDecorator.php(174): Cake\Database\Statement\MysqlStatement->execute(NULL)
#2 C:\xampp\htdocs\CAKESETUP\vendor\cakephp\cakephp\src\Database\Log\LoggingStatement.php(56): Cake\Database\Statement\StatementDecorator->execute(NULL)
#3 C:\xampp\htdocs\CAKESETUP\vendor\cakephp\cakephp\src\Database\Connection.php(314): Cake\Database\Log\LoggingStatement->execute()
#4 C:\xampp\htdocs\CAKESETUP\vendor\cakephp\cakephp\src\Database\Query.php(214): Cake\Database\Connection->run(Object(Cake\ORM\Query))
#5 C:\xampp\htdocs\CAKESETUP\vendor\cakephp\cakephp\src\ORM\Table.php(1925): Cake\Database\Query->execute()
#6 C:\xampp\htdocs\CAKESETUP\vendor\cakephp\cakephp\src\ORM\Table.php(1819): Cake\ORM\Table->_insert(Object(App\Model\Entity\Alumno), Array)
#7 C:\xampp\htdocs\CAKESETUP\vendor\cakephp\cakephp\src\ORM\Table.php(1732): Cake\ORM\Table->_processSave(Object(App\Model\Entity\Alumno), Object(ArrayObject))
#8 C:\xampp\htdocs\CAKESETUP\vendor\cakephp\cakephp\src\ORM\Table.php(1455): Cake\ORM\Table->Cake\ORM\{closure}()
#9 C:\xampp\htdocs\CAKESETUP\vendor\cakephp\cakephp\src\Database\Connection.php(681): Cake\ORM\Table->Cake\ORM\{closure}(Object(Cake\Database\Connection))
#10 C:\xampp\htdocs\CAKESETUP\vendor\cakephp\cakephp\src\ORM\Table.php(1456): Cake\Database\Connection->transactional(Object(Closure))
#11 C:\xampp\htdocs\CAKESETUP\vendor\cakephp\cakephp\src\ORM\Table.php(1733): Cake\ORM\Table->_executeTransaction(Object(Closure), true)
#12 C:\xampp\htdocs\CAKESETUP\src\Controller\AlumnoController.php(56): Cake\ORM\Table->save(Object(App\Model\Entity\Alumno))
#13 C:\xampp\htdocs\CAKESETUP\vendor\cakephp\cakephp\src\Controller\Controller.php(440): App\Controller\AlumnoController->add()
#14 C:\xampp\htdocs\CAKESETUP\vendor\cakephp\cakephp\src\Http\ActionDispatcher.php(119): Cake\Controller\Controller->invokeAction()
#15 C:\xampp\htdocs\CAKESETUP\vendor\cakephp\cakephp\src\Http\ActionDispatcher.php(93): Cake\Http\ActionDispatcher->_invoke(Object(App\Controller\AlumnoController))
#16 C:\xampp\htdocs\CAKESETUP\vendor\cakephp\cakephp\src\Http\BaseApplication.php(103): Cake\Http\ActionDispatcher->dispatch(Object(Cake\Http\ServerRequest), Object(Cake\Http\Response))
#17 C:\xampp\htdocs\CAKESETUP\vendor\cakephp\cakephp\src\Http\Runner.php(65): Cake\Http\BaseApplication->__invoke(Object(Cake\Http\ServerRequest), Object(Cake\Http\Response), Object(Cake\Http\Runner))
#18 C:\xampp\htdocs\CAKESETUP\vendor\cakephp\cakephp\src\Routing\Middleware\RoutingMiddleware.php(107): Cake\Http\Runner->__invoke(Object(Cake\Http\ServerRequest), Object(Cake\Http\Response))
#19 C:\xampp\htdocs\CAKESETUP\vendor\cakephp\cakephp\src\Http\Runner.php(65): Cake\Routing\Middleware\RoutingMiddleware->__invoke(Object(Cake\Http\ServerRequest), Object(Cake\Http\Response), Object(Cake\Http\Runner))
#20 C:\xampp\htdocs\CAKESETUP\vendor\cakephp\cakephp\src\Routing\Middleware\AssetMiddleware.php(88): Cake\Http\Runner->__invoke(Object(Cake\Http\ServerRequest), Object(Cake\Http\Response))
#21 C:\xampp\htdocs\CAKESETUP\vendor\cakephp\cakephp\src\Http\Runner.php(65): Cake\Routing\Middleware\AssetMiddleware->__invoke(Object(Cake\Http\ServerRequest), Object(Cake\Http\Response), Object(Cake\Http\Runner))
#22 C:\xampp\htdocs\CAKESETUP\vendor\cakephp\cakephp\src\Error\Middleware\ErrorHandlerMiddleware.php(95): Cake\Http\Runner->__invoke(Object(Cake\Http\ServerRequest), Object(Cake\Http\Response))
#23 C:\xampp\htdocs\CAKESETUP\vendor\cakephp\cakephp\src\Http\Runner.php(65): Cake\Error\Middleware\ErrorHandlerMiddleware->__invoke(Object(Cake\Http\ServerRequest), Object(Cake\Http\Response), Object(Cake\Http\Runner))
#24 C:\xampp\htdocs\CAKESETUP\vendor\cakephp\debug_kit\src\Middleware\DebugKitMiddleware.php(52): Cake\Http\Runner->__invoke(Object(Cake\Http\ServerRequest), Object(Cake\Http\Response))
#25 C:\xampp\htdocs\CAKESETUP\vendor\cakephp\cakephp\src\Http\Runner.php(65): DebugKit\Middleware\DebugKitMiddleware->__invoke(Object(Cake\Http\ServerRequest), Object(Cake\Http\Response), Object(Cake\Http\Runner))
#26 C:\xampp\htdocs\CAKESETUP\vendor\cakephp\cakephp\src\Http\Runner.php(51): Cake\Http\Runner->__invoke(Object(Cake\Http\ServerRequest), Object(Cake\Http\Response))
#27 C:\xampp\htdocs\CAKESETUP\vendor\cakephp\cakephp\src\Http\Server.php(81): Cake\Http\Runner->run(Object(Cake\Http\MiddlewareQueue), Object(Cake\Http\ServerRequest), Object(Cake\Http\Response))
#28 C:\xampp\htdocs\CAKESETUP\webroot\index.php(40): Cake\Http\Server->run()
#29 {main}


2017-10-06 11:50:46 Error: [PDOException] SQLSTATE[23000]: Integrity constraint violation: 1062 Duplicate entry '0' for key 'PRIMARY'
Request URL: /alumno/add
Referer URL: http://localhost/CAKESETUP/alumno/add
Stack Trace:
#0 C:\xampp\htdocs\CAKESETUP\vendor\cakephp\cakephp\src\Database\Statement\MysqlStatement.php(39): PDOStatement->execute(NULL)
#1 C:\xampp\htdocs\CAKESETUP\vendor\cakephp\cakephp\src\Database\Statement\StatementDecorator.php(174): Cake\Database\Statement\MysqlStatement->execute(NULL)
#2 C:\xampp\htdocs\CAKESETUP\vendor\cakephp\cakephp\src\Database\Log\LoggingStatement.php(56): Cake\Database\Statement\StatementDecorator->execute(NULL)
#3 C:\xampp\htdocs\CAKESETUP\vendor\cakephp\cakephp\src\Database\Connection.php(314): Cake\Database\Log\LoggingStatement->execute()
#4 C:\xampp\htdocs\CAKESETUP\vendor\cakephp\cakephp\src\Database\Query.php(214): Cake\Database\Connection->run(Object(Cake\ORM\Query))
#5 C:\xampp\htdocs\CAKESETUP\vendor\cakephp\cakephp\src\ORM\Table.php(1925): Cake\Database\Query->execute()
#6 C:\xampp\htdocs\CAKESETUP\vendor\cakephp\cakephp\src\ORM\Table.php(1819): Cake\ORM\Table->_insert(Object(App\Model\Entity\Alumno), Array)
#7 C:\xampp\htdocs\CAKESETUP\vendor\cakephp\cakephp\src\ORM\Table.php(1732): Cake\ORM\Table->_processSave(Object(App\Model\Entity\Alumno), Object(ArrayObject))
#8 C:\xampp\htdocs\CAKESETUP\vendor\cakephp\cakephp\src\ORM\Table.php(1455): Cake\ORM\Table->Cake\ORM\{closure}()
#9 C:\xampp\htdocs\CAKESETUP\vendor\cakephp\cakephp\src\Database\Connection.php(681): Cake\ORM\Table->Cake\ORM\{closure}(Object(Cake\Database\Connection))
#10 C:\xampp\htdocs\CAKESETUP\vendor\cakephp\cakephp\src\ORM\Table.php(1456): Cake\Database\Connection->transactional(Object(Closure))
#11 C:\xampp\htdocs\CAKESETUP\vendor\cakephp\cakephp\src\ORM\Table.php(1733): Cake\ORM\Table->_executeTransaction(Object(Closure), true)
#12 C:\xampp\htdocs\CAKESETUP\src\Controller\AlumnoController.php(56): Cake\ORM\Table->save(Object(App\Model\Entity\Alumno))
#13 C:\xampp\htdocs\CAKESETUP\vendor\cakephp\cakephp\src\Controller\Controller.php(440): App\Controller\AlumnoController->add()
#14 C:\xampp\htdocs\CAKESETUP\vendor\cakephp\cakephp\src\Http\ActionDispatcher.php(119): Cake\Controller\Controller->invokeAction()
#15 C:\xampp\htdocs\CAKESETUP\vendor\cakephp\cakephp\src\Http\ActionDispatcher.php(93): Cake\Http\ActionDispatcher->_invoke(Object(App\Controller\AlumnoController))
#16 C:\xampp\htdocs\CAKESETUP\vendor\cakephp\cakephp\src\Http\BaseApplication.php(103): Cake\Http\ActionDispatcher->dispatch(Object(Cake\Http\ServerRequest), Object(Cake\Http\Response))
#17 C:\xampp\htdocs\CAKESETUP\vendor\cakephp\cakephp\src\Http\Runner.php(65): Cake\Http\BaseApplication->__invoke(Object(Cake\Http\ServerRequest), Object(Cake\Http\Response), Object(Cake\Http\Runner))
#18 C:\xampp\htdocs\CAKESETUP\vendor\cakephp\cakephp\src\Routing\Middleware\RoutingMiddleware.php(107): Cake\Http\Runner->__invoke(Object(Cake\Http\ServerRequest), Object(Cake\Http\Response))
#19 C:\xampp\htdocs\CAKESETUP\vendor\cakephp\cakephp\src\Http\Runner.php(65): Cake\Routing\Middleware\RoutingMiddleware->__invoke(Object(Cake\Http\ServerRequest), Object(Cake\Http\Response), Object(Cake\Http\Runner))
#20 C:\xampp\htdocs\CAKESETUP\vendor\cakephp\cakephp\src\Routing\Middleware\AssetMiddleware.php(88): Cake\Http\Runner->__invoke(Object(Cake\Http\ServerRequest), Object(Cake\Http\Response))
#21 C:\xampp\htdocs\CAKESETUP\vendor\cakephp\cakephp\src\Http\Runner.php(65): Cake\Routing\Middleware\AssetMiddleware->__invoke(Object(Cake\Http\ServerRequest), Object(Cake\Http\Response), Object(Cake\Http\Runner))
#22 C:\xampp\htdocs\CAKESETUP\vendor\cakephp\cakephp\src\Error\Middleware\ErrorHandlerMiddleware.php(95): Cake\Http\Runner->__invoke(Object(Cake\Http\ServerRequest), Object(Cake\Http\Response))
#23 C:\xampp\htdocs\CAKESETUP\vendor\cakephp\cakephp\src\Http\Runner.php(65): Cake\Error\Middleware\ErrorHandlerMiddleware->__invoke(Object(Cake\Http\ServerRequest), Object(Cake\Http\Response), Object(Cake\Http\Runner))
#24 C:\xampp\htdocs\CAKESETUP\vendor\cakephp\debug_kit\src\Middleware\DebugKitMiddleware.php(52): Cake\Http\Runner->__invoke(Object(Cake\Http\ServerRequest), Object(Cake\Http\Response))
#25 C:\xampp\htdocs\CAKESETUP\vendor\cakephp\cakephp\src\Http\Runner.php(65): DebugKit\Middleware\DebugKitMiddleware->__invoke(Object(Cake\Http\ServerRequest), Object(Cake\Http\Response), Object(Cake\Http\Runner))
#26 C:\xampp\htdocs\CAKESETUP\vendor\cakephp\cakephp\src\Http\Runner.php(51): Cake\Http\Runner->__invoke(Object(Cake\Http\ServerRequest), Object(Cake\Http\Response))
#27 C:\xampp\htdocs\CAKESETUP\vendor\cakephp\cakephp\src\Http\Server.php(81): Cake\Http\Runner->run(Object(Cake\Http\MiddlewareQueue), Object(Cake\Http\ServerRequest), Object(Cake\Http\Response))
#28 C:\xampp\htdocs\CAKESETUP\webroot\index.php(40): Cake\Http\Server->run()
#29 {main}


2017-10-06 11:50:54 Error: [PDOException] SQLSTATE[23000]: Integrity constraint violation: 1062 Duplicate entry '0' for key 'PRIMARY'
Request URL: /alumno/add
Referer URL: http://localhost/CAKESETUP/alumno/add
Stack Trace:
#0 C:\xampp\htdocs\CAKESETUP\vendor\cakephp\cakephp\src\Database\Statement\MysqlStatement.php(39): PDOStatement->execute(NULL)
#1 C:\xampp\htdocs\CAKESETUP\vendor\cakephp\cakephp\src\Database\Statement\StatementDecorator.php(174): Cake\Database\Statement\MysqlStatement->execute(NULL)
#2 C:\xampp\htdocs\CAKESETUP\vendor\cakephp\cakephp\src\Database\Log\LoggingStatement.php(56): Cake\Database\Statement\StatementDecorator->execute(NULL)
#3 C:\xampp\htdocs\CAKESETUP\vendor\cakephp\cakephp\src\Database\Connection.php(314): Cake\Database\Log\LoggingStatement->execute()
#4 C:\xampp\htdocs\CAKESETUP\vendor\cakephp\cakephp\src\Database\Query.php(214): Cake\Database\Connection->run(Object(Cake\ORM\Query))
#5 C:\xampp\htdocs\CAKESETUP\vendor\cakephp\cakephp\src\ORM\Table.php(1925): Cake\Database\Query->execute()
#6 C:\xampp\htdocs\CAKESETUP\vendor\cakephp\cakephp\src\ORM\Table.php(1819): Cake\ORM\Table->_insert(Object(App\Model\Entity\Alumno), Array)
#7 C:\xampp\htdocs\CAKESETUP\vendor\cakephp\cakephp\src\ORM\Table.php(1732): Cake\ORM\Table->_processSave(Object(App\Model\Entity\Alumno), Object(ArrayObject))
#8 C:\xampp\htdocs\CAKESETUP\vendor\cakephp\cakephp\src\ORM\Table.php(1455): Cake\ORM\Table->Cake\ORM\{closure}()
#9 C:\xampp\htdocs\CAKESETUP\vendor\cakephp\cakephp\src\Database\Connection.php(681): Cake\ORM\Table->Cake\ORM\{closure}(Object(Cake\Database\Connection))
#10 C:\xampp\htdocs\CAKESETUP\vendor\cakephp\cakephp\src\ORM\Table.php(1456): Cake\Database\Connection->transactional(Object(Closure))
#11 C:\xampp\htdocs\CAKESETUP\vendor\cakephp\cakephp\src\ORM\Table.php(1733): Cake\ORM\Table->_executeTransaction(Object(Closure), true)
#12 C:\xampp\htdocs\CAKESETUP\src\Controller\AlumnoController.php(56): Cake\ORM\Table->save(Object(App\Model\Entity\Alumno))
#13 C:\xampp\htdocs\CAKESETUP\vendor\cakephp\cakephp\src\Controller\Controller.php(440): App\Controller\AlumnoController->add()
#14 C:\xampp\htdocs\CAKESETUP\vendor\cakephp\cakephp\src\Http\ActionDispatcher.php(119): Cake\Controller\Controller->invokeAction()
#15 C:\xampp\htdocs\CAKESETUP\vendor\cakephp\cakephp\src\Http\ActionDispatcher.php(93): Cake\Http\ActionDispatcher->_invoke(Object(App\Controller\AlumnoController))
#16 C:\xampp\htdocs\CAKESETUP\vendor\cakephp\cakephp\src\Http\BaseApplication.php(103): Cake\Http\ActionDispatcher->dispatch(Object(Cake\Http\ServerRequest), Object(Cake\Http\Response))
#17 C:\xampp\htdocs\CAKESETUP\vendor\cakephp\cakephp\src\Http\Runner.php(65): Cake\Http\BaseApplication->__invoke(Object(Cake\Http\ServerRequest), Object(Cake\Http\Response), Object(Cake\Http\Runner))
#18 C:\xampp\htdocs\CAKESETUP\vendor\cakephp\cakephp\src\Routing\Middleware\RoutingMiddleware.php(107): Cake\Http\Runner->__invoke(Object(Cake\Http\ServerRequest), Object(Cake\Http\Response))
#19 C:\xampp\htdocs\CAKESETUP\vendor\cakephp\cakephp\src\Http\Runner.php(65): Cake\Routing\Middleware\RoutingMiddleware->__invoke(Object(Cake\Http\ServerRequest), Object(Cake\Http\Response), Object(Cake\Http\Runner))
#20 C:\xampp\htdocs\CAKESETUP\vendor\cakephp\cakephp\src\Routing\Middleware\AssetMiddleware.php(88): Cake\Http\Runner->__invoke(Object(Cake\Http\ServerRequest), Object(Cake\Http\Response))
#21 C:\xampp\htdocs\CAKESETUP\vendor\cakephp\cakephp\src\Http\Runner.php(65): Cake\Routing\Middleware\AssetMiddleware->__invoke(Object(Cake\Http\ServerRequest), Object(Cake\Http\Response), Object(Cake\Http\Runner))
#22 C:\xampp\htdocs\CAKESETUP\vendor\cakephp\cakephp\src\Error\Middleware\ErrorHandlerMiddleware.php(95): Cake\Http\Runner->__invoke(Object(Cake\Http\ServerRequest), Object(Cake\Http\Response))
#23 C:\xampp\htdocs\CAKESETUP\vendor\cakephp\cakephp\src\Http\Runner.php(65): Cake\Error\Middleware\ErrorHandlerMiddleware->__invoke(Object(Cake\Http\ServerRequest), Object(Cake\Http\Response), Object(Cake\Http\Runner))
#24 C:\xampp\htdocs\CAKESETUP\vendor\cakephp\debug_kit\src\Middleware\DebugKitMiddleware.php(52): Cake\Http\Runner->__invoke(Object(Cake\Http\ServerRequest), Object(Cake\Http\Response))
#25 C:\xampp\htdocs\CAKESETUP\vendor\cakephp\cakephp\src\Http\Runner.php(65): DebugKit\Middleware\DebugKitMiddleware->__invoke(Object(Cake\Http\ServerRequest), Object(Cake\Http\Response), Object(Cake\Http\Runner))
#26 C:\xampp\htdocs\CAKESETUP\vendor\cakephp\cakephp\src\Http\Runner.php(51): Cake\Http\Runner->__invoke(Object(Cake\Http\ServerRequest), Object(Cake\Http\Response))
#27 C:\xampp\htdocs\CAKESETUP\vendor\cakephp\cakephp\src\Http\Server.php(81): Cake\Http\Runner->run(Object(Cake\Http\MiddlewareQueue), Object(Cake\Http\ServerRequest), Object(Cake\Http\Response))
#28 C:\xampp\htdocs\CAKESETUP\webroot\index.php(40): Cake\Http\Server->run()
#29 {main}


2017-10-06 11:51:03 Error: [PDOException] SQLSTATE[23000]: Integrity constraint violation: 1062 Duplicate entry '0' for key 'PRIMARY'
Request URL: /alumno/add
Referer URL: http://localhost/CAKESETUP/alumno/add
Stack Trace:
#0 C:\xampp\htdocs\CAKESETUP\vendor\cakephp\cakephp\src\Database\Statement\MysqlStatement.php(39): PDOStatement->execute(NULL)
#1 C:\xampp\htdocs\CAKESETUP\vendor\cakephp\cakephp\src\Database\Statement\StatementDecorator.php(174): Cake\Database\Statement\MysqlStatement->execute(NULL)
#2 C:\xampp\htdocs\CAKESETUP\vendor\cakephp\cakephp\src\Database\Log\LoggingStatement.php(56): Cake\Database\Statement\StatementDecorator->execute(NULL)
#3 C:\xampp\htdocs\CAKESETUP\vendor\cakephp\cakephp\src\Database\Connection.php(314): Cake\Database\Log\LoggingStatement->execute()
#4 C:\xampp\htdocs\CAKESETUP\vendor\cakephp\cakephp\src\Database\Query.php(214): Cake\Database\Connection->run(Object(Cake\ORM\Query))
#5 C:\xampp\htdocs\CAKESETUP\vendor\cakephp\cakephp\src\ORM\Table.php(1925): Cake\Database\Query->execute()
#6 C:\xampp\htdocs\CAKESETUP\vendor\cakephp\cakephp\src\ORM\Table.php(1819): Cake\ORM\Table->_insert(Object(App\Model\Entity\Alumno), Array)
#7 C:\xampp\htdocs\CAKESETUP\vendor\cakephp\cakephp\src\ORM\Table.php(1732): Cake\ORM\Table->_processSave(Object(App\Model\Entity\Alumno), Object(ArrayObject))
#8 C:\xampp\htdocs\CAKESETUP\vendor\cakephp\cakephp\src\ORM\Table.php(1455): Cake\ORM\Table->Cake\ORM\{closure}()
#9 C:\xampp\htdocs\CAKESETUP\vendor\cakephp\cakephp\src\Database\Connection.php(681): Cake\ORM\Table->Cake\ORM\{closure}(Object(Cake\Database\Connection))
#10 C:\xampp\htdocs\CAKESETUP\vendor\cakephp\cakephp\src\ORM\Table.php(1456): Cake\Database\Connection->transactional(Object(Closure))
#11 C:\xampp\htdocs\CAKESETUP\vendor\cakephp\cakephp\src\ORM\Table.php(1733): Cake\ORM\Table->_executeTransaction(Object(Closure), true)
#12 C:\xampp\htdocs\CAKESETUP\src\Controller\AlumnoController.php(56): Cake\ORM\Table->save(Object(App\Model\Entity\Alumno))
#13 C:\xampp\htdocs\CAKESETUP\vendor\cakephp\cakephp\src\Controller\Controller.php(440): App\Controller\AlumnoController->add()
#14 C:\xampp\htdocs\CAKESETUP\vendor\cakephp\cakephp\src\Http\ActionDispatcher.php(119): Cake\Controller\Controller->invokeAction()
#15 C:\xampp\htdocs\CAKESETUP\vendor\cakephp\cakephp\src\Http\ActionDispatcher.php(93): Cake\Http\ActionDispatcher->_invoke(Object(App\Controller\AlumnoController))
#16 C:\xampp\htdocs\CAKESETUP\vendor\cakephp\cakephp\src\Http\BaseApplication.php(103): Cake\Http\ActionDispatcher->dispatch(Object(Cake\Http\ServerRequest), Object(Cake\Http\Response))
#17 C:\xampp\htdocs\CAKESETUP\vendor\cakephp\cakephp\src\Http\Runner.php(65): Cake\Http\BaseApplication->__invoke(Object(Cake\Http\ServerRequest), Object(Cake\Http\Response), Object(Cake\Http\Runner))
#18 C:\xampp\htdocs\CAKESETUP\vendor\cakephp\cakephp\src\Routing\Middleware\RoutingMiddleware.php(107): Cake\Http\Runner->__invoke(Object(Cake\Http\ServerRequest), Object(Cake\Http\Response))
#19 C:\xampp\htdocs\CAKESETUP\vendor\cakephp\cakephp\src\Http\Runner.php(65): Cake\Routing\Middleware\RoutingMiddleware->__invoke(Object(Cake\Http\ServerRequest), Object(Cake\Http\Response), Object(Cake\Http\Runner))
#20 C:\xampp\htdocs\CAKESETUP\vendor\cakephp\cakephp\src\Routing\Middleware\AssetMiddleware.php(88): Cake\Http\Runner->__invoke(Object(Cake\Http\ServerRequest), Object(Cake\Http\Response))
#21 C:\xampp\htdocs\CAKESETUP\vendor\cakephp\cakephp\src\Http\Runner.php(65): Cake\Routing\Middleware\AssetMiddleware->__invoke(Object(Cake\Http\ServerRequest), Object(Cake\Http\Response), Object(Cake\Http\Runner))
#22 C:\xampp\htdocs\CAKESETUP\vendor\cakephp\cakephp\src\Error\Middleware\ErrorHandlerMiddleware.php(95): Cake\Http\Runner->__invoke(Object(Cake\Http\ServerRequest), Object(Cake\Http\Response))
#23 C:\xampp\htdocs\CAKESETUP\vendor\cakephp\cakephp\src\Http\Runner.php(65): Cake\Error\Middleware\ErrorHandlerMiddleware->__invoke(Object(Cake\Http\ServerRequest), Object(Cake\Http\Response), Object(Cake\Http\Runner))
#24 C:\xampp\htdocs\CAKESETUP\vendor\cakephp\debug_kit\src\Middleware\DebugKitMiddleware.php(52): Cake\Http\Runner->__invoke(Object(Cake\Http\ServerRequest), Object(Cake\Http\Response))
#25 C:\xampp\htdocs\CAKESETUP\vendor\cakephp\cakephp\src\Http\Runner.php(65): DebugKit\Middleware\DebugKitMiddleware->__invoke(Object(Cake\Http\ServerRequest), Object(Cake\Http\Response), Object(Cake\Http\Runner))
#26 C:\xampp\htdocs\CAKESETUP\vendor\cakephp\cakephp\src\Http\Runner.php(51): Cake\Http\Runner->__invoke(Object(Cake\Http\ServerRequest), Object(Cake\Http\Response))
#27 C:\xampp\htdocs\CAKESETUP\vendor\cakephp\cakephp\src\Http\Server.php(81): Cake\Http\Runner->run(Object(Cake\Http\MiddlewareQueue), Object(Cake\Http\ServerRequest), Object(Cake\Http\Response))
#28 C:\xampp\htdocs\CAKESETUP\webroot\index.php(40): Cake\Http\Server->run()
#29 {main}


2017-10-06 11:51:17 Error: [PDOException] SQLSTATE[23000]: Integrity constraint violation: 1062 Duplicate entry '0' for key 'PRIMARY'
Request URL: /alumno/add
Referer URL: http://localhost/CAKESETUP/alumno/add
Stack Trace:
#0 C:\xampp\htdocs\CAKESETUP\vendor\cakephp\cakephp\src\Database\Statement\MysqlStatement.php(39): PDOStatement->execute(NULL)
#1 C:\xampp\htdocs\CAKESETUP\vendor\cakephp\cakephp\src\Database\Statement\StatementDecorator.php(174): Cake\Database\Statement\MysqlStatement->execute(NULL)
#2 C:\xampp\htdocs\CAKESETUP\vendor\cakephp\cakephp\src\Database\Log\LoggingStatement.php(56): Cake\Database\Statement\StatementDecorator->execute(NULL)
#3 C:\xampp\htdocs\CAKESETUP\vendor\cakephp\cakephp\src\Database\Connection.php(314): Cake\Database\Log\LoggingStatement->execute()
#4 C:\xampp\htdocs\CAKESETUP\vendor\cakephp\cakephp\src\Database\Query.php(214): Cake\Database\Connection->run(Object(Cake\ORM\Query))
#5 C:\xampp\htdocs\CAKESETUP\vendor\cakephp\cakephp\src\ORM\Table.php(1925): Cake\Database\Query->execute()
#6 C:\xampp\htdocs\CAKESETUP\vendor\cakephp\cakephp\src\ORM\Table.php(1819): Cake\ORM\Table->_insert(Object(App\Model\Entity\Alumno), Array)
#7 C:\xampp\htdocs\CAKESETUP\vendor\cakephp\cakephp\src\ORM\Table.php(1732): Cake\ORM\Table->_processSave(Object(App\Model\Entity\Alumno), Object(ArrayObject))
#8 C:\xampp\htdocs\CAKESETUP\vendor\cakephp\cakephp\src\ORM\Table.php(1455): Cake\ORM\Table->Cake\ORM\{closure}()
#9 C:\xampp\htdocs\CAKESETUP\vendor\cakephp\cakephp\src\Database\Connection.php(681): Cake\ORM\Table->Cake\ORM\{closure}(Object(Cake\Database\Connection))
#10 C:\xampp\htdocs\CAKESETUP\vendor\cakephp\cakephp\src\ORM\Table.php(1456): Cake\Database\Connection->transactional(Object(Closure))
#11 C:\xampp\htdocs\CAKESETUP\vendor\cakephp\cakephp\src\ORM\Table.php(1733): Cake\ORM\Table->_executeTransaction(Object(Closure), true)
#12 C:\xampp\htdocs\CAKESETUP\src\Controller\AlumnoController.php(56): Cake\ORM\Table->save(Object(App\Model\Entity\Alumno))
#13 C:\xampp\htdocs\CAKESETUP\vendor\cakephp\cakephp\src\Controller\Controller.php(440): App\Controller\AlumnoController->add()
#14 C:\xampp\htdocs\CAKESETUP\vendor\cakephp\cakephp\src\Http\ActionDispatcher.php(119): Cake\Controller\Controller->invokeAction()
#15 C:\xampp\htdocs\CAKESETUP\vendor\cakephp\cakephp\src\Http\ActionDispatcher.php(93): Cake\Http\ActionDispatcher->_invoke(Object(App\Controller\AlumnoController))
#16 C:\xampp\htdocs\CAKESETUP\vendor\cakephp\cakephp\src\Http\BaseApplication.php(103): Cake\Http\ActionDispatcher->dispatch(Object(Cake\Http\ServerRequest), Object(Cake\Http\Response))
#17 C:\xampp\htdocs\CAKESETUP\vendor\cakephp\cakephp\src\Http\Runner.php(65): Cake\Http\BaseApplication->__invoke(Object(Cake\Http\ServerRequest), Object(Cake\Http\Response), Object(Cake\Http\Runner))
#18 C:\xampp\htdocs\CAKESETUP\vendor\cakephp\cakephp\src\Routing\Middleware\RoutingMiddleware.php(107): Cake\Http\Runner->__invoke(Object(Cake\Http\ServerRequest), Object(Cake\Http\Response))
#19 C:\xampp\htdocs\CAKESETUP\vendor\cakephp\cakephp\src\Http\Runner.php(65): Cake\Routing\Middleware\RoutingMiddleware->__invoke(Object(Cake\Http\ServerRequest), Object(Cake\Http\Response), Object(Cake\Http\Runner))
#20 C:\xampp\htdocs\CAKESETUP\vendor\cakephp\cakephp\src\Routing\Middleware\AssetMiddleware.php(88): Cake\Http\Runner->__invoke(Object(Cake\Http\ServerRequest), Object(Cake\Http\Response))
#21 C:\xampp\htdocs\CAKESETUP\vendor\cakephp\cakephp\src\Http\Runner.php(65): Cake\Routing\Middleware\AssetMiddleware->__invoke(Object(Cake\Http\ServerRequest), Object(Cake\Http\Response), Object(Cake\Http\Runner))
#22 C:\xampp\htdocs\CAKESETUP\vendor\cakephp\cakephp\src\Error\Middleware\ErrorHandlerMiddleware.php(95): Cake\Http\Runner->__invoke(Object(Cake\Http\ServerRequest), Object(Cake\Http\Response))
#23 C:\xampp\htdocs\CAKESETUP\vendor\cakephp\cakephp\src\Http\Runner.php(65): Cake\Error\Middleware\ErrorHandlerMiddleware->__invoke(Object(Cake\Http\ServerRequest), Object(Cake\Http\Response), Object(Cake\Http\Runner))
#24 C:\xampp\htdocs\CAKESETUP\vendor\cakephp\debug_kit\src\Middleware\DebugKitMiddleware.php(52): Cake\Http\Runner->__invoke(Object(Cake\Http\ServerRequest), Object(Cake\Http\Response))
#25 C:\xampp\htdocs\CAKESETUP\vendor\cakephp\cakephp\src\Http\Runner.php(65): DebugKit\Middleware\DebugKitMiddleware->__invoke(Object(Cake\Http\ServerRequest), Object(Cake\Http\Response), Object(Cake\Http\Runner))
#26 C:\xampp\htdocs\CAKESETUP\vendor\cakephp\cakephp\src\Http\Runner.php(51): Cake\Http\Runner->__invoke(Object(Cake\Http\ServerRequest), Object(Cake\Http\Response))
#27 C:\xampp\htdocs\CAKESETUP\vendor\cakephp\cakephp\src\Http\Server.php(81): Cake\Http\Runner->run(Object(Cake\Http\MiddlewareQueue), Object(Cake\Http\ServerRequest), Object(Cake\Http\Response))
#28 C:\xampp\htdocs\CAKESETUP\webroot\index.php(40): Cake\Http\Server->run()
#29 {main}


2017-10-06 11:51:20 Error: [PDOException] SQLSTATE[23000]: Integrity constraint violation: 1062 Duplicate entry '0' for key 'PRIMARY'
Request URL: /alumno/add
Referer URL: http://localhost/CAKESETUP/alumno/add
Stack Trace:
#0 C:\xampp\htdocs\CAKESETUP\vendor\cakephp\cakephp\src\Database\Statement\MysqlStatement.php(39): PDOStatement->execute(NULL)
#1 C:\xampp\htdocs\CAKESETUP\vendor\cakephp\cakephp\src\Database\Statement\StatementDecorator.php(174): Cake\Database\Statement\MysqlStatement->execute(NULL)
#2 C:\xampp\htdocs\CAKESETUP\vendor\cakephp\cakephp\src\Database\Log\LoggingStatement.php(56): Cake\Database\Statement\StatementDecorator->execute(NULL)
#3 C:\xampp\htdocs\CAKESETUP\vendor\cakephp\cakephp\src\Database\Connection.php(314): Cake\Database\Log\LoggingStatement->execute()
#4 C:\xampp\htdocs\CAKESETUP\vendor\cakephp\cakephp\src\Database\Query.php(214): Cake\Database\Connection->run(Object(Cake\ORM\Query))
#5 C:\xampp\htdocs\CAKESETUP\vendor\cakephp\cakephp\src\ORM\Table.php(1925): Cake\Database\Query->execute()
#6 C:\xampp\htdocs\CAKESETUP\vendor\cakephp\cakephp\src\ORM\Table.php(1819): Cake\ORM\Table->_insert(Object(App\Model\Entity\Alumno), Array)
#7 C:\xampp\htdocs\CAKESETUP\vendor\cakephp\cakephp\src\ORM\Table.php(1732): Cake\ORM\Table->_processSave(Object(App\Model\Entity\Alumno), Object(ArrayObject))
#8 C:\xampp\htdocs\CAKESETUP\vendor\cakephp\cakephp\src\ORM\Table.php(1455): Cake\ORM\Table->Cake\ORM\{closure}()
#9 C:\xampp\htdocs\CAKESETUP\vendor\cakephp\cakephp\src\Database\Connection.php(681): Cake\ORM\Table->Cake\ORM\{closure}(Object(Cake\Database\Connection))
#10 C:\xampp\htdocs\CAKESETUP\vendor\cakephp\cakephp\src\ORM\Table.php(1456): Cake\Database\Connection->transactional(Object(Closure))
#11 C:\xampp\htdocs\CAKESETUP\vendor\cakephp\cakephp\src\ORM\Table.php(1733): Cake\ORM\Table->_executeTransaction(Object(Closure), true)
#12 C:\xampp\htdocs\CAKESETUP\src\Controller\AlumnoController.php(56): Cake\ORM\Table->save(Object(App\Model\Entity\Alumno))
#13 C:\xampp\htdocs\CAKESETUP\vendor\cakephp\cakephp\src\Controller\Controller.php(440): App\Controller\AlumnoController->add()
#14 C:\xampp\htdocs\CAKESETUP\vendor\cakephp\cakephp\src\Http\ActionDispatcher.php(119): Cake\Controller\Controller->invokeAction()
#15 C:\xampp\htdocs\CAKESETUP\vendor\cakephp\cakephp\src\Http\ActionDispatcher.php(93): Cake\Http\ActionDispatcher->_invoke(Object(App\Controller\AlumnoController))
#16 C:\xampp\htdocs\CAKESETUP\vendor\cakephp\cakephp\src\Http\BaseApplication.php(103): Cake\Http\ActionDispatcher->dispatch(Object(Cake\Http\ServerRequest), Object(Cake\Http\Response))
#17 C:\xampp\htdocs\CAKESETUP\vendor\cakephp\cakephp\src\Http\Runner.php(65): Cake\Http\BaseApplication->__invoke(Object(Cake\Http\ServerRequest), Object(Cake\Http\Response), Object(Cake\Http\Runner))
#18 C:\xampp\htdocs\CAKESETUP\vendor\cakephp\cakephp\src\Routing\Middleware\RoutingMiddleware.php(107): Cake\Http\Runner->__invoke(Object(Cake\Http\ServerRequest), Object(Cake\Http\Response))
#19 C:\xampp\htdocs\CAKESETUP\vendor\cakephp\cakephp\src\Http\Runner.php(65): Cake\Routing\Middleware\RoutingMiddleware->__invoke(Object(Cake\Http\ServerRequest), Object(Cake\Http\Response), Object(Cake\Http\Runner))
#20 C:\xampp\htdocs\CAKESETUP\vendor\cakephp\cakephp\src\Routing\Middleware\AssetMiddleware.php(88): Cake\Http\Runner->__invoke(Object(Cake\Http\ServerRequest), Object(Cake\Http\Response))
#21 C:\xampp\htdocs\CAKESETUP\vendor\cakephp\cakephp\src\Http\Runner.php(65): Cake\Routing\Middleware\AssetMiddleware->__invoke(Object(Cake\Http\ServerRequest), Object(Cake\Http\Response), Object(Cake\Http\Runner))
#22 C:\xampp\htdocs\CAKESETUP\vendor\cakephp\cakephp\src\Error\Middleware\ErrorHandlerMiddleware.php(95): Cake\Http\Runner->__invoke(Object(Cake\Http\ServerRequest), Object(Cake\Http\Response))
#23 C:\xampp\htdocs\CAKESETUP\vendor\cakephp\cakephp\src\Http\Runner.php(65): Cake\Error\Middleware\ErrorHandlerMiddleware->__invoke(Object(Cake\Http\ServerRequest), Object(Cake\Http\Response), Object(Cake\Http\Runner))
#24 C:\xampp\htdocs\CAKESETUP\vendor\cakephp\debug_kit\src\Middleware\DebugKitMiddleware.php(52): Cake\Http\Runner->__invoke(Object(Cake\Http\ServerRequest), Object(Cake\Http\Response))
#25 C:\xampp\htdocs\CAKESETUP\vendor\cakephp\cakephp\src\Http\Runner.php(65): DebugKit\Middleware\DebugKitMiddleware->__invoke(Object(Cake\Http\ServerRequest), Object(Cake\Http\Response), Object(Cake\Http\Runner))
#26 C:\xampp\htdocs\CAKESETUP\vendor\cakephp\cakephp\src\Http\Runner.php(51): Cake\Http\Runner->__invoke(Object(Cake\Http\ServerRequest), Object(Cake\Http\Response))
#27 C:\xampp\htdocs\CAKESETUP\vendor\cakephp\cakephp\src\Http\Server.php(81): Cake\Http\Runner->run(Object(Cake\Http\MiddlewareQueue), Object(Cake\Http\ServerRequest), Object(Cake\Http\Response))
#28 C:\xampp\htdocs\CAKESETUP\webroot\index.php(40): Cake\Http\Server->run()
#29 {main}


